#
# There is insufficient memory for the Java Runtime Environment to continue.
# Native memory allocation (malloc) failed to allocate 1125168 bytes for Chunk::new
# Possible reasons:
#   The system is out of physical RAM or swap space
#   In 32 bit mode, the process size limit was hit
# Possible solutions:
#   Reduce memory load on the system
#   Increase physical memory or swap space
#   Check if swap backing store is full
#   Use 64 bit Java on a 64 bit OS
#   Decrease Java heap size (-Xmx/-Xms)
#   Decrease number of Java threads
#   Decrease Java thread stack sizes (-Xss)
#   Set larger code cache with -XX:ReservedCodeCacheSize=
# This output file may be truncated or incomplete.
#
#  Out of Memory Error (allocation.cpp:390), pid=16236, tid=0x0000000000004384
#
# JRE version: OpenJDK Runtime Environment (8.0_152-b02) (build 1.8.0_152-release-1024-b02)
# Java VM: OpenJDK 64-Bit Server VM (25.152-b02 mixed mode windows-amd64 compressed oops)
# Failed to write core dump. Minidumps are not enabled by default on client versions of Windows
#

---------------  T H R E A D  ---------------

Current thread (0x0000000016d4e000):  JavaThread "C2 CompilerThread1" daemon [_thread_in_native, id=17284, stack(0x00000000184c0000,0x00000000185c0000)]

Stack: [0x00000000184c0000,0x00000000185c0000]
[error occurred during error reporting (printing stack bounds), id 0xc0000005]

Native frames: (J=compiled Java code, j=interpreted, Vv=VM code, C=native code)


Current CompileTask:
C2:21613643 30240       4       com.android.tools.r8.dex.FileWriter::collect (214 bytes)


---------------  P R O C E S S  ---------------

Java Threads: ( => current thread )
  0x000000001bc52800 JavaThread "queued-resource-processor_356" daemon [_thread_blocked, id=13472, stack(0x0000000075fa0000,0x00000000760a0000)]
  0x000000001bc4f800 JavaThread "queued-resource-processor_355" daemon [_thread_blocked, id=17176, stack(0x0000000075ea0000,0x0000000075fa0000)]
  0x000000001bc48000 JavaThread "queued-resource-processor_354" daemon [_thread_blocked, id=18720, stack(0x0000000075da0000,0x0000000075ea0000)]
  0x000000001bc4c800 JavaThread "queued-resource-processor_353" daemon [_thread_blocked, id=18352, stack(0x0000000075ca0000,0x0000000075da0000)]
  0x000000001bc49800 JavaThread "ForkJoinPool.commonPool-worker-6" daemon [_thread_blocked, id=16452, stack(0x00000000757a0000,0x00000000758a0000)]
  0x000000001d01b800 JavaThread "ForkJoinPool.commonPool-worker-4" daemon [_thread_blocked, id=7664, stack(0x00000000747a0000,0x00000000748a0000)]
  0x000000001bc50800 JavaThread "ForkJoinPool.commonPool-worker-3" daemon [_thread_blocked, id=8372, stack(0x0000000073da0000,0x0000000073ea0000)]
  0x000000001bc4c000 JavaThread "ForkJoinPool.commonPool-worker-2" daemon [_thread_blocked, id=2560, stack(0x000000006faa0000,0x000000006fba0000)]
  0x000000001bc4f000 JavaThread "ForkJoinPool.commonPool-worker-0" daemon [_thread_blocked, id=17924, stack(0x000000006f7a0000,0x000000006f8a0000)]
  0x000000001bc4e000 JavaThread "Cache worker for Java compile cache (C:\Users\User\Documents\WGU\Spring2018\C196 Mobile Application Development\Project\.gradle\4.4\javaCompile)" [_thread_blocked, id=4492, stack(0x000000006f3a0000,0x000000006f4a0000)]
  0x0000000024ab5000 JavaThread "Task worker for ':' Thread 3" [_thread_blocked, id=13952, stack(0x000000006e5a0000,0x000000006e6a0000)]
  0x0000000024ab8000 JavaThread "Task worker for ':' Thread 2" [_thread_blocked, id=7328, stack(0x000000006e4a0000,0x000000006e5a0000)]
  0x0000000024ab3000 JavaThread "Task worker for ':'" [_thread_blocked, id=10128, stack(0x000000006e3a0000,0x000000006e4a0000)]
  0x0000000024ab7800 JavaThread "Cache worker for Build Output Cleanup Cache (C:\Users\User\Documents\WGU\Spring2018\C196 Mobile Application Development\Project\.gradle\buildOutputCleanup)" [_thread_blocked, id=17900, stack(0x000000006e2a0000,0x000000006e3a0000)]
  0x0000000024ab6800 JavaThread "Cache worker for task history cache (C:\Users\User\Documents\WGU\Spring2018\C196 Mobile Application Development\Project\.gradle\4.4\taskHistory)" [_thread_blocked, id=2024, stack(0x000000006e1a0000,0x000000006e2a0000)]
  0x0000000024ab2000 JavaThread "Cache worker for file content cache (C:\Users\User\Documents\WGU\Spring2018\C196 Mobile Application Development\Project\.gradle\4.4\fileContent)" [_thread_blocked, id=3104, stack(0x000000006e0a0000,0x000000006e1a0000)]
  0x0000000024aaa800 JavaThread "build operations Thread 4" [_thread_blocked, id=5540, stack(0x000000006dfa0000,0x000000006e0a0000)]
  0x0000000024ab1800 JavaThread "build operations Thread 3" [_thread_blocked, id=10300, stack(0x000000006dea0000,0x000000006dfa0000)]
  0x0000000024ab0000 JavaThread "build operations Thread 2" [_thread_blocked, id=18444, stack(0x000000006dda0000,0x000000006dea0000)]
  0x0000000024aab800 JavaThread "build operations" [_thread_blocked, id=19804, stack(0x000000006dca0000,0x000000006dda0000)]
  0x0000000024aac000 JavaThread "Cache worker for Artifact transforms cache (C:\Users\User\.gradle\caches\transforms-1)" [_thread_blocked, id=18800, stack(0x000000006dba0000,0x000000006dca0000)]
  0x0000000024ab0800 JavaThread "Cache worker for file hash cache (C:\Users\User\Documents\WGU\Spring2018\C196 Mobile Application Development\Project\.gradle\4.4\fileHashes)" [_thread_blocked, id=14316, stack(0x000000006daa0000,0x000000006dba0000)]
  0x0000000024aaf000 JavaThread "Stdin handler" [_thread_blocked, id=16464, stack(0x000000006d9a0000,0x000000006daa0000)]
  0x0000000024aaa000 JavaThread "Asynchronous log dispatcher for DefaultDaemonConnection: socket connection from /127.0.0.1:55423 to /127.0.0.1:63049" [_thread_blocked, id=17492, stack(0x000000006d8a0000,0x000000006d9a0000)]
  0x0000000024aad800 JavaThread "Cancel handler" [_thread_blocked, id=21028, stack(0x000000006d7a0000,0x000000006d8a0000)]
  0x0000000024aae800 JavaThread "Handler for socket connection from /127.0.0.1:55423 to /127.0.0.1:63049" [_thread_in_native, id=20332, stack(0x000000006d6a0000,0x000000006d7a0000)]
  0x0000000024aad000 JavaThread "Java2D Disposer" daemon [_thread_blocked, id=13484, stack(0x000000006c7a0000,0x000000006c8a0000)]
  0x000000001d022000 JavaThread "Worker Daemon Execution Thread 7" [_thread_blocked, id=940, stack(0x000000006b6a0000,0x000000006b7a0000)]
  0x000000001d021800 JavaThread "Worker Daemon Execution Thread 6" [_thread_blocked, id=9616, stack(0x000000006b5a0000,0x000000006b6a0000)]
  0x000000001d01d000 JavaThread "Worker Daemon Execution Thread 5" [_thread_blocked, id=8620, stack(0x000000006b4a0000,0x000000006b5a0000)]
  0x000000001d020800 JavaThread "Worker Daemon Execution Thread 4" [_thread_blocked, id=5268, stack(0x000000006b3a0000,0x000000006b4a0000)]
  0x000000001d01a800 JavaThread "Worker Daemon Execution Thread 3" [_thread_blocked, id=9388, stack(0x000000006b2a0000,0x000000006b3a0000)]
  0x000000001d020000 JavaThread "Worker Daemon Execution Thread 2" [_thread_blocked, id=1668, stack(0x000000006b1a0000,0x000000006b2a0000)]
  0x000000001d018800 JavaThread "Worker Daemon Execution" [_thread_blocked, id=14276, stack(0x000000006b0a0000,0x000000006b1a0000)]
  0x000000001d130800 JavaThread "Daemon worker Thread 41" [_thread_blocked, id=20100, stack(0x00000000691a0000,0x00000000692a0000)]
  0x000000001d134800 JavaThread "Daemon Thread 41" [_thread_blocked, id=10272, stack(0x0000000068ea0000,0x0000000068fa0000)]
  0x000000001d132000 JavaThread "Memory manager" [_thread_blocked, id=4768, stack(0x0000000020430000,0x0000000020530000)]
  0x000000001b954000 JavaThread "File lock request listener" [_thread_in_native, id=2380, stack(0x000000001c7e0000,0x000000001c8e0000)]
  0x000000001937f000 JavaThread "Cache worker for file hash cache (C:\Users\User\.gradle\caches\4.4\fileHashes)" [_thread_blocked, id=4104, stack(0x000000001c6e0000,0x000000001c7e0000)]
  0x0000000019dee000 JavaThread "Daemon periodic checks" [_thread_blocked, id=20704, stack(0x000000001ac10000,0x000000001ad10000)]
  0x000000001997f800 JavaThread "Incoming local TCP Connector on port 55423" [_thread_in_native, id=17280, stack(0x000000001a9d0000,0x000000001aad0000)]
  0x00000000186f6000 JavaThread "Service Thread" daemon [_thread_blocked, id=9400, stack(0x0000000018ac0000,0x0000000018bc0000)]
  0x0000000016d5a000 JavaThread "C1 CompilerThread2" daemon [_thread_blocked, id=12268, stack(0x00000000185c0000,0x00000000186c0000)]
=>0x0000000016d4e000 JavaThread "C2 CompilerThread1" daemon [_thread_in_native, id=17284, stack(0x00000000184c0000,0x00000000185c0000)]
  0x0000000016d48000 JavaThread "C2 CompilerThread0" daemon [_thread_blocked, id=14260, stack(0x00000000183c0000,0x00000000184c0000)]
  0x0000000016d55800 JavaThread "Attach Listener" daemon [_thread_blocked, id=19196, stack(0x00000000182c0000,0x00000000183c0000)]
  0x0000000016d54800 JavaThread "Signal Dispatcher" daemon [_thread_blocked, id=16524, stack(0x00000000181c0000,0x00000000182c0000)]
  0x00000000033bc000 JavaThread "Finalizer" daemon [_thread_blocked, id=3172, stack(0x0000000017fd0000,0x00000000180d0000)]
  0x00000000033b1000 JavaThread "Reference Handler" daemon [_thread_blocked, id=18980, stack(0x0000000017ed0000,0x0000000017fd0000)]
  0x00000000032be800 JavaThread "main" [_thread_blocked, id=7696, stack(0x0000000003190000,0x0000000003290000)]

Other Threads:
  0x0000000016d15800 VMThread [stack: 0x0000000017dd0000,0x0000000017ed0000] [id=12576]
  0x0000000016dae800 WatcherThread [stack: 0x0000000018bc0000,0x0000000018cc0000] [id=20228]

VM state:not at safepoint (normal execution)

VM Mutex/Monitor currently owned by a thread: None

Heap:
 PSYoungGen      total 315392K, used 97790K [0x00000000e0000000, 0x00000000f7d80000, 0x0000000100000000)
  eden space 297472K, 26% used [0x00000000e0000000,0x00000000e4e04fc8,0x00000000f2280000)
  from space 17920K, 99% used [0x00000000f2280000,0x00000000f33fac28,0x00000000f3400000)
  to   space 22528K, 0% used [0x00000000f6780000,0x00000000f6780000,0x00000000f7d80000)
 ParOldGen       total 131072K, used 116285K [0x00000000a0000000, 0x00000000a8000000, 0x00000000e0000000)
  object space 131072K, 88% used [0x00000000a0000000,0x00000000a718f608,0x00000000a8000000)
 Metaspace       used 89278K, capacity 94900K, committed 95064K, reserved 1132544K
  class space    used 10888K, capacity 11845K, committed 11904K, reserved 1048576K

Card table byte_map: [0x0000000012780000,0x0000000012a90000] byte_map_base: 0x0000000012280000

Marking Bits: (ParMarkBitMap*) 0x000000005c564970
 Begin Bits: [0x0000000013090000, 0x0000000014890000)
 End Bits:   [0x0000000014890000, 0x0000000016090000)

Polling page: 0x0000000003160000

CodeCache: size=245760Kb used=85818Kb max_used=85841Kb free=159941Kb
 bounds [0x00000000033c0000, 0x0000000008820000, 0x00000000123c0000]
 total_blobs=23553 nmethods=22603 adapters=861
 compilation: enabled

Compilation events (10 events):
Event: 21609.253 Thread 0x0000000016d5a000 nmethod 30292 0x0000000008809c50 code [0x0000000008809dc0, 0x000000000880a048]
Event: 21609.254 Thread 0x0000000016d48000 nmethod 30256 0x000000000880a190 code [0x000000000880a380, 0x000000000880ad50]
Event: 21609.254 Thread 0x0000000016d48000 30287       4       com.android.tools.r8.dex.FileWriter::writeEncodedMethods (205 bytes)
Event: 21609.363 Thread 0x0000000016d48000 nmethod 30287 0x0000000008810e90 code [0x0000000008811260, 0x0000000008814ca8]
Event: 21609.363 Thread 0x0000000016d48000 30293       4       com.android.tools.r8.graph.DexAnnotationDirectory::equals (57 bytes)
Event: 21609.365 Thread 0x0000000016d48000 nmethod 30293 0x0000000008806a10 code [0x0000000008806b80, 0x0000000008806cf8]
Event: 21609.365 Thread 0x0000000016d48000 30289       4       com.android.tools.r8.graph.DexEncodedArray::equals (37 bytes)
Event: 21609.368 Thread 0x0000000016d48000 nmethod 30289 0x0000000008808290 code [0x00000000088083e0, 0x00000000088085b8]
Event: 21609.368 Thread 0x0000000016d48000 30236       4       com.android.tools.r8.graph.DexEncodedArray::hashCode (8 bytes)
Event: 21609.370 Thread 0x0000000016d48000 nmethod 30236 0x0000000008806650 code [0x00000000088067a0, 0x0000000008806918]

GC Heap History (10 events):
Event: 21593.008 GC heap before
{Heap before GC invocations=139 (full 4):
 PSYoungGen      total 284160K, used 281916K [0x00000000e0000000, 0x00000000f2980000, 0x0000000100000000)
  eden space 266752K, 99% used [0x00000000e0000000,0x00000000f03ea680,0x00000000f0480000)
  from space 17408K, 90% used [0x00000000f1880000,0x00000000f27e4b50,0x00000000f2980000)
  to   space 18944K, 0% used [0x00000000f0480000,0x00000000f0480000,0x00000000f1700000)
 ParOldGen       total 131072K, used 103558K [0x00000000a0000000, 0x00000000a8000000, 0x00000000e0000000)
  object space 131072K, 79% used [0x00000000a0000000,0x00000000a6521bd8,0x00000000a8000000)
 Metaspace       used 88395K, capacity 93904K, committed 94168K, reserved 1132544K
  class space    used 10793K, capacity 11707K, committed 11776K, reserved 1048576K
Event: 21593.019 GC heap after
Heap after GC invocations=139 (full 4):
 PSYoungGen      total 264704K, used 7252K [0x00000000e0000000, 0x00000000f1f00000, 0x0000000100000000)
  eden space 257024K, 0% used [0x00000000e0000000,0x00000000e0000000,0x00000000efb00000)
  from space 7680K, 94% used [0x00000000f0480000,0x00000000f0b95378,0x00000000f0c00000)
  to   space 18432K, 0% used [0x00000000f0d00000,0x00000000f0d00000,0x00000000f1f00000)
 ParOldGen       total 131072K, used 104415K [0x00000000a0000000, 0x00000000a8000000, 0x00000000e0000000)
  object space 131072K, 79% used [0x00000000a0000000,0x00000000a65f7cd8,0x00000000a8000000)
 Metaspace       used 88395K, capacity 93904K, committed 94168K, reserved 1132544K
  class space    used 10793K, capacity 11707K, committed 11776K, reserved 1048576K
}
Event: 21593.106 GC heap before
{Heap before GC invocations=140 (full 4):
 PSYoungGen      total 264704K, used 264057K [0x00000000e0000000, 0x00000000f1f00000, 0x0000000100000000)
  eden space 257024K, 99% used [0x00000000e0000000,0x00000000efac90f0,0x00000000efb00000)
  from space 7680K, 94% used [0x00000000f0480000,0x00000000f0b95378,0x00000000f0c00000)
  to   space 18432K, 0% used [0x00000000f0d00000,0x00000000f0d00000,0x00000000f1f00000)
 ParOldGen       total 131072K, used 104415K [0x00000000a0000000, 0x00000000a8000000, 0x00000000e0000000)
  object space 131072K, 79% used [0x00000000a0000000,0x00000000a65f7cd8,0x00000000a8000000)
 Metaspace       used 88395K, capacity 93904K, committed 94168K, reserved 1132544K
  class space    used 10793K, capacity 11707K, committed 11776K, reserved 1048576K
Event: 21593.113 GC heap after
Heap after GC invocations=140 (full 4):
 PSYoungGen      total 274432K, used 96K [0x00000000e0000000, 0x00000000f4c00000, 0x0000000100000000)
  eden space 256000K, 0% used [0x00000000e0000000,0x00000000e0000000,0x00000000efa00000)
  from space 18432K, 0% used [0x00000000f0d00000,0x00000000f0d18000,0x00000000f1f00000)
  to   space 19456K, 0% used [0x00000000efa00000,0x00000000efa00000,0x00000000f0d00000)
 ParOldGen       total 131072K, used 110219K [0x00000000a0000000, 0x00000000a8000000, 0x00000000e0000000)
  object space 131072K, 84% used [0x00000000a0000000,0x00000000a6ba2d18,0x00000000a8000000)
 Metaspace       used 88395K, capacity 93904K, committed 94168K, reserved 1132544K
  class space    used 10793K, capacity 11707K, committed 11776K, reserved 1048576K
}
Event: 21603.689 GC heap before
{Heap before GC invocations=141 (full 4):
 PSYoungGen      total 274432K, used 255875K [0x00000000e0000000, 0x00000000f4c00000, 0x0000000100000000)
  eden space 256000K, 99% used [0x00000000e0000000,0x00000000ef9c8e20,0x00000000efa00000)
  from space 18432K, 0% used [0x00000000f0d00000,0x00000000f0d18000,0x00000000f1f00000)
  to   space 19456K, 0% used [0x00000000efa00000,0x00000000efa00000,0x00000000f0d00000)
 ParOldGen       total 131072K, used 110219K [0x00000000a0000000, 0x00000000a8000000, 0x00000000e0000000)
  object space 131072K, 84% used [0x00000000a0000000,0x00000000a6ba2d18,0x00000000a8000000)
 Metaspace       used 88959K, capacity 94622K, committed 94808K, reserved 1132544K
  class space    used 10881K, capacity 11842K, committed 11904K, reserved 1048576K
Event: 21603.700 GC heap after
Heap after GC invocations=141 (full 4):
 PSYoungGen      total 275456K, used 5359K [0x00000000e0000000, 0x00000000f4780000, 0x0000000100000000)
  eden space 256000K, 0% used [0x00000000e0000000,0x00000000e0000000,0x00000000efa00000)
  from space 19456K, 27% used [0x00000000efa00000,0x00000000eff3bf18,0x00000000f0d00000)
  to   space 18944K, 0% used [0x00000000f3500000,0x00000000f3500000,0x00000000f4780000)
 ParOldGen       total 131072K, used 110251K [0x00000000a0000000, 0x00000000a8000000, 0x00000000e0000000)
  object space 131072K, 84% used [0x00000000a0000000,0x00000000a6baad18,0x00000000a8000000)
 Metaspace       used 88959K, capacity 94622K, committed 94808K, reserved 1132544K
  class space    used 10881K, capacity 11842K, committed 11904K, reserved 1048576K
}
Event: 21605.508 GC heap before
{Heap before GC invocations=142 (full 4):
 PSYoungGen      total 275456K, used 261359K [0x00000000e0000000, 0x00000000f4780000, 0x0000000100000000)
  eden space 256000K, 100% used [0x00000000e0000000,0x00000000efa00000,0x00000000efa00000)
  from space 19456K, 27% used [0x00000000efa00000,0x00000000eff3bf18,0x00000000f0d00000)
  to   space 18944K, 0% used [0x00000000f3500000,0x00000000f3500000,0x00000000f4780000)
 ParOldGen       total 131072K, used 110251K [0x00000000a0000000, 0x00000000a8000000, 0x00000000e0000000)
  object space 131072K, 84% used [0x00000000a0000000,0x00000000a6baad18,0x00000000a8000000)
 Metaspace       used 89067K, capacity 94690K, committed 94808K, reserved 1132544K
  class space    used 10883K, capacity 11842K, committed 11904K, reserved 1048576K
Event: 21605.535 GC heap after
Heap after GC invocations=142 (full 4):
 PSYoungGen      total 314368K, used 7442K [0x00000000e0000000, 0x00000000f4580000, 0x0000000100000000)
  eden space 297472K, 0% used [0x00000000e0000000,0x00000000e0000000,0x00000000f2280000)
  from space 16896K, 44% used [0x00000000f3500000,0x00000000f3c448c8,0x00000000f4580000)
  to   space 17920K, 0% used [0x00000000f2280000,0x00000000f2280000,0x00000000f3400000)
 ParOldGen       total 131072K, used 111243K [0x00000000a0000000, 0x00000000a8000000, 0x00000000e0000000)
  object space 131072K, 84% used [0x00000000a0000000,0x00000000a6ca2e80,0x00000000a8000000)
 Metaspace       used 89067K, capacity 94690K, committed 94808K, reserved 1132544K
  class space    used 10883K, capacity 11842K, committed 11904K, reserved 1048576K
}
Event: 21608.846 GC heap before
{Heap before GC invocations=143 (full 4):
 PSYoungGen      total 314368K, used 304914K [0x00000000e0000000, 0x00000000f4580000, 0x0000000100000000)
  eden space 297472K, 100% used [0x00000000e0000000,0x00000000f2280000,0x00000000f2280000)
  from space 16896K, 44% used [0x00000000f3500000,0x00000000f3c448c8,0x00000000f4580000)
  to   space 17920K, 0% used [0x00000000f2280000,0x00000000f2280000,0x00000000f3400000)
 ParOldGen       total 131072K, used 111243K [0x00000000a0000000, 0x00000000a8000000, 0x00000000e0000000)
  object space 131072K, 84% used [0x00000000a0000000,0x00000000a6ca2e80,0x00000000a8000000)
 Metaspace       used 89268K, capacity 94900K, committed 95064K, reserved 1132544K
  class space    used 10888K, capacity 11845K, committed 11904K, reserved 1048576K
Event: 21608.894 GC heap after
Heap after GC invocations=143 (full 4):
 PSYoungGen      total 315392K, used 17899K [0x00000000e0000000, 0x00000000f7d80000, 0x0000000100000000)
  eden space 297472K, 0% used [0x00000000e0000000,0x00000000e0000000,0x00000000f2280000)
  from space 17920K, 99% used [0x00000000f2280000,0x00000000f33fac28,0x00000000f3400000)
  to   space 22528K, 0% used [0x00000000f6780000,0x00000000f6780000,0x00000000f7d80000)
 ParOldGen       total 131072K, used 116285K [0x00000000a0000000, 0x00000000a8000000, 0x00000000e0000000)
  object space 131072K, 88% used [0x00000000a0000000,0x00000000a718f608,0x00000000a8000000)
 Metaspace       used 89268K, capacity 94900K, committed 95064K, reserved 1132544K
  class space    used 10888K, capacity 11845K, committed 11904K, reserved 1048576K
}

Deoptimization events (10 events):
Event: 21608.160 Thread 0x000000001bc4c800 Uncommon trap: reason=unstable_if action=reinterpret pc=0x0000000006a25874 method=com.android.tools.r8.dex.DebugBytecodeWriter.maybeGrow(I)V @ 8
Event: 21608.160 Thread 0x000000001bc4c800 Uncommon trap: reason=unstable_if action=reinterpret pc=0x0000000006aa6afc method=com.android.tools.r8.dex.DebugBytecodeWriter.maybeGrow(I)V @ 8
Event: 21608.221 Thread 0x000000001bc4c800 Uncommon trap: reason=unstable_if action=reinterpret pc=0x0000000004cae1bc method=java.lang.Long.numberOfTrailingZeros(J)I @ 3
Event: 21608.280 Thread 0x000000001bc4c800 Uncommon trap: reason=unstable_if action=reinterpret pc=0x00000000046e6040 method=java.nio.Bits.copyFromArray(Ljava/lang/Object;JJJJ)V @ 18
Event: 21608.394 Thread 0x000000001bc4c000 Uncommon trap: reason=unstable_if action=reinterpret pc=0x00000000080c36e8 method=java.util.concurrent.ForkJoinPool.tryCompensate(Ljava/util/concurrent/ForkJoinPool$WorkQueue;)Z @ 183
Event: 21608.499 Thread 0x000000001bc4f000 Uncommon trap: reason=unstable_if action=reinterpret pc=0x000000000775f720 method=java.util.concurrent.ForkJoinPool.signalWork([Ljava/util/concurrent/ForkJoinPool$WorkQueue;Ljava/util/concurrent/ForkJoinPool$WorkQueue;)V @ 26
Event: 21608.614 Thread 0x000000001bc4c000 Uncommon trap: reason=unstable_if action=reinterpret pc=0x0000000007083068 method=java.nio.Bits.copyToArray(JLjava/lang/Object;JJJ)V @ 19
Event: 21608.660 Thread 0x000000001bc4c800 Uncommon trap: reason=unloaded action=reinterpret pc=0x00000000080027f8 method=com.android.tools.r8.code.BaseInstructionFactory.create(IILcom/android/tools/r8/code/BytecodeStream;Lcom/android/tools/r8/graph/OffsetToObjectMapping;)Lcom/android/tools/r8/cod
Event: 21609.125 Thread 0x000000001bc51000 Uncommon trap: reason=unstable_if action=reinterpret pc=0x0000000007f9b8e8 method=com.android.tools.r8.graph.DexValue.defaultForType(Lcom/android/tools/r8/graph/DexType;Lcom/android/tools/r8/graph/DexItemFactory;)Lcom/android/tools/r8/graph/DexValue; @ 89
Event: 21609.125 Thread 0x000000001bc51000 Uncommon trap: reason=unstable_if action=reinterpret pc=0x00000000080c10f0 method=com.android.tools.r8.graph.DexValue.defaultForType(Lcom/android/tools/r8/graph/DexType;Lcom/android/tools/r8/graph/DexItemFactory;)Lcom/android/tools/r8/graph/DexValue; @ 29

Classes redefined (0 events):
No events

Internal exceptions (10 events):
Event: 21608.651 Thread 0x000000001d136000 Exception <a 'sun/nio/fs/WindowsException'> (0x00000000f01945e8) thrown at [D:\src\AOSP-openjdk-cygwin\jdk8u\hotspot\src\share\vm\prims\jni.cpp, line 709]
Event: 21608.653 Thread 0x000000001bc57000 Exception <a 'sun/nio/fs/WindowsException'> (0x00000000ef033cc8) thrown at [D:\src\AOSP-openjdk-cygwin\jdk8u\hotspot\src\share\vm\prims\jni.cpp, line 709]
Event: 21608.654 Thread 0x000000001bc50800 Exception <a 'sun/nio/fs/WindowsException'> (0x00000000f01ec5a0) thrown at [D:\src\AOSP-openjdk-cygwin\jdk8u\hotspot\src\share\vm\prims\jni.cpp, line 709]
Event: 21608.722 Thread 0x000000001d133000 Exception <a 'sun/nio/fs/WindowsException'> (0x00000000f0352618) thrown at [D:\src\AOSP-openjdk-cygwin\jdk8u\hotspot\src\share\vm\prims\jni.cpp, line 709]
Event: 21608.741 Thread 0x00000000193ae000 Exception <a 'sun/nio/fs/WindowsException'> (0x00000000f0901f68) thrown at [D:\src\AOSP-openjdk-cygwin\jdk8u\hotspot\src\share\vm\prims\jni.cpp, line 709]
Event: 21608.743 Thread 0x000000001d01b800 Exception <a 'sun/nio/fs/WindowsException'> (0x00000000f048f450) thrown at [D:\src\AOSP-openjdk-cygwin\jdk8u\hotspot\src\share\vm\prims\jni.cpp, line 709]
Event: 21608.746 Thread 0x000000001d12f000 Exception <a 'sun/nio/fs/WindowsException'> (0x00000000f04098f8) thrown at [D:\src\AOSP-openjdk-cygwin\jdk8u\hotspot\src\share\vm\prims\jni.cpp, line 709]
Event: 21608.765 Thread 0x000000001bc55000 Exception <a 'sun/nio/fs/WindowsException'> (0x00000000f0dcc4e0) thrown at [D:\src\AOSP-openjdk-cygwin\jdk8u\hotspot\src\share\vm\prims\jni.cpp, line 709]
Event: 21608.775 Thread 0x000000001bc52800 Exception <a 'sun/nio/fs/WindowsException'> (0x00000000f1075e30) thrown at [D:\src\AOSP-openjdk-cygwin\jdk8u\hotspot\src\share\vm\prims\jni.cpp, line 709]
Event: 21609.293 Thread 0x000000001bc51000 Exception <a 'sun/nio/fs/WindowsException'> (0x00000000e4636850) thrown at [D:\src\AOSP-openjdk-cygwin\jdk8u\hotspot\src\share\vm\prims\jni.cpp, line 709]

Events (10 events):
Event: 21609.376 Thread 0x000000001bc48000 Thread added: 0x000000001bc48000
Event: 21609.376 Thread 0x000000001bc4f800 Thread added: 0x000000001bc4f800
Event: 21609.377 Thread 0x000000001bc52800 Thread added: 0x000000001bc52800
Event: 21609.384 Thread 0x000000001bc51000 Thread added: 0x000000001bc51000
Event: 21609.385 Thread 0x000000001bc53800 Thread added: 0x000000001bc53800
Event: 21609.388 Thread 0x000000001bc54000 Thread added: 0x000000001bc54000
Event: 21609.388 Thread 0x000000001bc57000 Thread added: 0x000000001bc57000
Event: 21609.391 Thread 0x000000001bc55000 Thread added: 0x000000001bc55000
Event: 21609.391 Thread 0x000000001d12f000 Thread added: 0x000000001d12f000
Event: 21609.398 Thread 0x000000001d133000 Thread added: 0x000000001d133000


Dynamic libraries:
0x00007ff7839f0000 - 0x00007ff783a21000 	C:\Program Files\Android\Android Studio\jre\bin\java.exe
0x00007ffd42490000 - 0x00007ffd42671000 	C:\WINDOWS\SYSTEM32\ntdll.dll
0x00007ffd3ff60000 - 0x00007ffd40012000 	C:\WINDOWS\System32\KERNEL32.DLL
0x00007ffd3ef90000 - 0x00007ffd3f203000 	C:\WINDOWS\System32\KERNELBASE.dll
0x00007ffd40470000 - 0x00007ffd40511000 	C:\WINDOWS\System32\ADVAPI32.dll
0x00007ffd40250000 - 0x00007ffd402ee000 	C:\WINDOWS\System32\msvcrt.dll
0x00007ffd40080000 - 0x00007ffd400db000 	C:\WINDOWS\System32\sechost.dll
0x00007ffd40520000 - 0x00007ffd40644000 	C:\WINDOWS\System32\RPCRT4.dll
0x00007ffd42130000 - 0x00007ffd422c0000 	C:\WINDOWS\System32\USER32.dll
0x00007ffd3ebe0000 - 0x00007ffd3ec00000 	C:\WINDOWS\System32\win32u.dll
0x00007ffd3f920000 - 0x00007ffd3f948000 	C:\WINDOWS\System32\GDI32.dll
0x00007ffd3edf0000 - 0x00007ffd3ef82000 	C:\WINDOWS\System32\gdi32full.dll
0x00007ffd3e860000 - 0x00007ffd3e8ff000 	C:\WINDOWS\System32\msvcp_win.dll
0x00007ffd3eae0000 - 0x00007ffd3ebda000 	C:\WINDOWS\System32\ucrtbase.dll
0x00007ffd2bb90000 - 0x00007ffd2bdf9000 	C:\WINDOWS\WinSxS\amd64_microsoft.windows.common-controls_6595b64144ccf1df_6.0.17134.285_none_fb4297e330656775\COMCTL32.dll
0x00007ffd40670000 - 0x00007ffd40993000 	C:\WINDOWS\System32\combase.dll
0x00007ffd3e950000 - 0x00007ffd3e9ca000 	C:\WINDOWS\System32\bcryptPrimitives.dll
0x00007ffd401b0000 - 0x00007ffd401dd000 	C:\WINDOWS\System32\IMM32.DLL
0x000000005cfc0000 - 0x000000005d092000 	C:\Program Files\Android\Android Studio\jre\jre\bin\msvcr100.dll
0x000000005bda0000 - 0x000000005c5df000 	C:\Program Files\Android\Android Studio\jre\jre\bin\server\jvm.dll
0x00007ffd40240000 - 0x00007ffd40248000 	C:\WINDOWS\System32\PSAPI.DLL
0x00007ffd35390000 - 0x00007ffd3539a000 	C:\WINDOWS\SYSTEM32\VERSION.dll
0x00007ffd34cd0000 - 0x00007ffd34cf3000 	C:\WINDOWS\SYSTEM32\WINMM.dll
0x00007ffd33b50000 - 0x00007ffd33b59000 	C:\WINDOWS\SYSTEM32\WSOCK32.dll
0x00007ffd409a0000 - 0x00007ffd40a0c000 	C:\WINDOWS\System32\WS2_32.dll
0x00007ffd34170000 - 0x00007ffd3419a000 	C:\WINDOWS\SYSTEM32\WINMMBASE.dll
0x00007ffd3e900000 - 0x00007ffd3e949000 	C:\WINDOWS\System32\cfgmgr32.dll
0x00007ffd39890000 - 0x00007ffd3989f000 	C:\Program Files\Android\Android Studio\jre\jre\bin\verify.dll
0x00007ffd379a0000 - 0x00007ffd379c9000 	C:\Program Files\Android\Android Studio\jre\jre\bin\java.dll
0x00007ffd38ae0000 - 0x00007ffd38af6000 	C:\Program Files\Android\Android Studio\jre\jre\bin\zip.dll
0x00007ffd40af0000 - 0x00007ffd41f30000 	C:\WINDOWS\System32\SHELL32.dll
0x00007ffd3f950000 - 0x00007ffd3f9f9000 	C:\WINDOWS\System32\shcore.dll
0x00007ffd3f210000 - 0x00007ffd3f91d000 	C:\WINDOWS\System32\windows.storage.dll
0x00007ffd401e0000 - 0x00007ffd40231000 	C:\WINDOWS\System32\shlwapi.dll
0x00007ffd3e840000 - 0x00007ffd3e851000 	C:\WINDOWS\System32\kernel.appcore.dll
0x00007ffd3e7c0000 - 0x00007ffd3e7df000 	C:\WINDOWS\System32\profapi.dll
0x00007ffd3e7e0000 - 0x00007ffd3e82c000 	C:\WINDOWS\System32\powrprof.dll
0x00007ffd3e830000 - 0x00007ffd3e83a000 	C:\WINDOWS\System32\FLTLIB.DLL
0x00007ffd38a30000 - 0x00007ffd38a4a000 	C:\Program Files\Android\Android Studio\jre\jre\bin\net.dll
0x00007ffd3dfc0000 - 0x00007ffd3e026000 	C:\WINDOWS\system32\mswsock.dll
0x00007ffd38940000 - 0x00007ffd38951000 	C:\Program Files\Android\Android Studio\jre\jre\bin\nio.dll
0x00007ffd388d0000 - 0x00007ffd388ee000 	C:\Users\User\.gradle\native\25\windows-amd64\native-platform.dll
0x00007ffd39270000 - 0x00007ffd3927d000 	C:\Program Files\Android\Android Studio\jre\jre\bin\management.dll
0x00007ffd3e1d0000 - 0x00007ffd3e1e7000 	C:\WINDOWS\SYSTEM32\CRYPTSP.dll
0x00007ffd3dba0000 - 0x00007ffd3dbd3000 	C:\WINDOWS\system32\rsaenh.dll
0x00007ffd3e300000 - 0x00007ffd3e325000 	C:\WINDOWS\SYSTEM32\bcrypt.dll
0x00007ffd3e6d0000 - 0x00007ffd3e6f8000 	C:\WINDOWS\SYSTEM32\USERENV.dll
0x00007ffd3e1f0000 - 0x00007ffd3e1fb000 	C:\WINDOWS\SYSTEM32\CRYPTBASE.dll
0x00007ffd3dd40000 - 0x00007ffd3dd78000 	C:\WINDOWS\SYSTEM32\IPHLPAPI.DLL
0x00007ffd40660000 - 0x00007ffd40668000 	C:\WINDOWS\System32\NSI.dll
0x00007ffd39500000 - 0x00007ffd39516000 	C:\WINDOWS\SYSTEM32\dhcpcsvc6.DLL
0x00007ffd39080000 - 0x00007ffd3909a000 	C:\WINDOWS\SYSTEM32\dhcpcsvc.DLL
0x00007ffd219c0000 - 0x00007ffd21b56000 	C:\Program Files\Android\Android Studio\jre\jre\bin\awt.dll
0x00007ffd400e0000 - 0x00007ffd401a2000 	C:\WINDOWS\System32\OLEAUT32.dll
0x00007ffd39bc0000 - 0x00007ffd3a187000 	C:\WINDOWS\SYSTEM32\d2d1.dll
0x00007ffd3ae20000 - 0x00007ffd3aeab000 	C:\WINDOWS\SYSTEM32\apphelp.dll
0x00007ffd3cea0000 - 0x00007ffd3cec9000 	C:\WINDOWS\system32\DWMAPI.DLL
0x00007ffd3cb90000 - 0x00007ffd3cc28000 	C:\WINDOWS\system32\uxtheme.dll
0x00007ffd3d890000 - 0x00007ffd3d8c1000 	C:\WINDOWS\SYSTEM32\ntmarta.dll

VM Arguments:
jvm_args: -Xmx1536m -Dfile.encoding=windows-1252 -Duser.country=US -Duser.language=en -Duser.variant 
java_command: org.gradle.launcher.daemon.bootstrap.GradleDaemon 4.4
java_class_path (initial): C:\Users\User\.gradle\wrapper\dists\gradle-4.4-all\9br9xq1tocpiv8o6njlyu5op1\gradle-4.4\lib\gradle-launcher-4.4.jar
Launcher Type: SUN_STANDARD

Environment Variables:
JAVA_HOME=C:\Program Files\Java\jdk1.8.0_171
CLASSPATH=.;C:\Program Files (x86)\Java\jre6\lib\ext\QTJava.zip
PATH="C:\Program Files\Java\jdk1.8.0_171\bin;";C:\ProgramData\Oracle\Java\javapath;C:\WINDOWS\system32;C:\WINDOWS;C:\WINDOWS\System32\Wbem;C:\WINDOWS\System32\WindowsPowerShell\v1.0\;c:\Program Files (x86)\Common Files\Roxio Shared\DLLShared\;c:\Program Files (x86)\Common Files\Roxio Shared\12.0\DLLShared\;C:\Program Files (x86)\QuickTime\QTSystem\;C:\Program Files (x86)\Brackets\command;C:\Program Files\MySQL\MySQL Utilities 1.6\;C:\WINDOWS\system32\config\systemprofile\.dnx\bin;C:\Program Files\Microsoft DNX\Dnvm\;C:\Program Files\Microsoft SQL Server\130\Tools\Binn\;C:\Program Files (x86)\Windows Kits\8.1\Windows Performance Toolkit\;C:\Program Files (x86)\Skype\Phone\;C:\Program Files\Git\cmd;C:\WINDOWS\System32\OpenSSH\;C:\Users\User\AppData\Local\Microsoft\WindowsApps;
USERNAME=User
OS=Windows_NT
PROCESSOR_IDENTIFIER=Intel64 Family 6 Model 30 Stepping 5, GenuineIntel



---------------  S Y S T E M  ---------------

OS: Windows 10.0 , 64 bit Build 17134 (10.0.17134.1)

CPU:total 4 (initial active 4) (4 cores per cpu, 1 threads per core) family 6 model 30 stepping 5, cmov, cx8, fxsr, mmx, sse, sse2, sse3, ssse3, sse4.1, sse4.2, popcnt, tsc, tscinvbit

Memory: 4k page, physical 8346736k(1339196k free), swap 17562736k(6560k free)

vm_info: OpenJDK 64-Bit Server VM (25.152-b02) for windows-amd64 JRE (1.8.0_152-release-1024-b02), built by "builder" with MS VC++ 10.0 (VS2010)

time: Thu Sep 27 17:35:24 2018
elapsed time: 21609 seconds (0d 6h 0m 9s)

